03/03/22 03:09:46, PM: INFO: ************* Verifying HomePage title ************** 
03/03/22 03:09:48, PM: INFO: ************* HomePage title verified *********** 
03/03/22 03:09:51, PM: INFO: ************* Verifying LoginPage title *********** 
03/03/22 03:10:00, PM: INFO: ************* Loginpage title verified *********** 
03/03/22 03:11:31, PM: INFO: ************* Test_001_Login *************
03/03/22 03:11:31, PM: INFO: ************* Verifying HomePage title ************** 
03/03/22 03:11:36, PM: INFO: ************* HomePage title verified *********** 
03/03/22 03:11:38, PM: INFO: ************* Verifying LoginPage title *********** 
03/03/22 03:11:44, PM: INFO: ************* Loginpage title verified *********** 
03/03/22 03:13:33, PM: INFO: ************* Test_001_Login *************
03/03/22 03:13:33, PM: INFO: ************* Verifying HomePage title ************** 
03/03/22 03:13:36, PM: INFO: ************* HomePage title verified *********** 
03/03/22 03:13:38, PM: INFO: ************* Verifying LoginPage title *********** 
03/03/22 03:14:03, PM: INFO: ************* Loginpage title verified *********** 
03/03/22 03:36:29, PM: INFO: ************* Test_001_Login *************
03/03/22 03:36:29, PM: INFO: ************* Verifying HomePage title ************** 
03/03/22 03:36:32, PM: INFO: ************* HomePage title verified *********** 
03/03/22 03:36:34, PM: INFO: ************* Verifying LoginPage title *********** 
03/03/22 03:36:55, PM: INFO: ************* Loginpage title verified *********** 
03/03/22 03:39:53, PM: INFO: ************* Test_001_Login *************
03/03/22 03:39:53, PM: INFO: ************* Verifying HomePage title ************** 
03/03/22 03:39:55, PM: INFO: ************* HomePage title verified *********** 
03/03/22 03:39:57, PM: INFO: ************* Verifying LoginPage title *********** 
03/03/22 03:40:19, PM: INFO: ************* Loginpage title verified *********** 
03/03/22 04:45:46, PM: INFO: ************* Test_001_Login *************
03/03/22 04:45:46, PM: INFO: ************* Verifying HomePage title ************** 
03/03/22 04:45:52, PM: INFO: ************* HomePage title verified *********** 
03/03/22 04:45:58, PM: INFO: ************* Verifying LoginPage title *********** 
03/03/22 06:28:04, PM: INFO: ************* Test_001_Login *************
03/03/22 06:28:04, PM: INFO: ************* Verifying HomePage title ************** 
03/03/22 06:28:25, PM: INFO: ************* HomePage title verified *********** 
03/03/22 06:28:32, PM: INFO: ************* Verifying LoginPage title *********** 
03/03/22 06:28:42, PM: INFO: ************* Loginpage title verified *********** 
03/03/22 06:37:57, PM: INFO: ************* Verifying LoginPage title *********** 
03/03/22 06:37:57, PM: INFO: ************* Test_001_Login *************
03/03/22 06:37:57, PM: INFO: ************* Verifying HomePage title ************** 
03/03/22 06:38:08, PM: INFO: ************* Loginpage title verified *********** 
03/03/22 06:38:22, PM: INFO: ************* HomePage title verified *********** 
03/04/22 02:38:22, PM: INFO: ************* Test_001_Login *************
03/04/22 02:38:22, PM: INFO: ************* Verifying HomePage title ************** 
03/04/22 02:38:22, PM: INFO: ************* Verifying LoginPage title *********** 
03/04/22 02:38:26, PM: INFO: ************* HomePage title verified *********** 
03/04/22 02:39:40, PM: INFO: ************* Test_001_Login *************
03/04/22 02:39:40, PM: INFO: ************* Verifying HomePage title ************** 
03/04/22 02:39:40, PM: INFO: ************* Verifying LoginPage title *********** 
03/04/22 02:39:43, PM: INFO: ************* HomePage title verified *********** 
03/04/22 02:40:05, PM: INFO: ************* Loginpage title verified *********** 
03/04/22 02:41:50, PM: INFO: ************* Verifying LoginPage title *********** 
03/04/22 02:41:51, PM: INFO: ************* Test_001_Login *************
03/04/22 02:41:51, PM: INFO: ************* Verifying HomePage title ************** 
03/04/22 02:41:53, PM: INFO: ************* HomePage title verified *********** 
03/04/22 02:41:57, PM: INFO: ************* Loginpage title verified *********** 
